2022-04-19 10:45:45,960:INFO:PyCaret Supervised Module
2022-04-19 10:45:45,960:INFO:ML Usecase: regression
2022-04-19 10:45:45,961:INFO:version 2.2.3
2022-04-19 10:45:45,961:INFO:Initializing setup()
2022-04-19 10:45:45,961:INFO:setup(target=Price, ml_usecase=regression, available_plots={'parameter': 'Hyperparameters', 'residuals': 'Residuals', 'error': 'Prediction Error', 'cooks': 'Cooks Distance', 'rfe': 'Feature Selection', 'learning': 'Learning Curve', 'manifold': 'Manifold Learning', 'vc': 'Validation Curve', 'feature': 'Feature Importance', 'feature_all': 'Feature Importance (All)', 'tree': 'Decision Tree'}, train_size=0.7, test_data=None, preprocess=True, imputation_type=simple, iterative_imputation_iters=5, categorical_features=None, categorical_imputation=constant, categorical_iterative_imputer=lightgbm, ordinal_features=None, high_cardinality_features=None, high_cardinality_method=frequency, numeric_features=None, numeric_imputation=mean, numeric_iterative_imputer=lightgbm, date_features=None, ignore_features=None, normalize=False, normalize_method=zscore, transformation=False, transformation_method=yeo-johnson, handle_unknown_categorical=True, unknown_categorical_method=least_frequent, pca=False, pca_method=linear, pca_components=None, ignore_low_variance=False, combine_rare_levels=False, rare_level_threshold=0.1, bin_numeric_features=None, remove_outliers=False, outliers_threshold=0.05, remove_multicollinearity=False, multicollinearity_threshold=0.9, remove_perfect_collinearity=True, create_clusters=False, cluster_iter=20, polynomial_features=False, polynomial_degree=2, trigonometry_features=False, polynomial_threshold=0.1, group_features=None, group_names=None, feature_selection=False, feature_selection_threshold=0.8, feature_selection_method=classic, feature_interaction=False, feature_ratio=False, interaction_threshold=0.01, fix_imbalance=False, fix_imbalance_method=None, transform_target=False, transform_target_method=box-cox, data_split_shuffle=True, data_split_stratify=False, fold_strategy=kfold, fold=10, fold_shuffle=False, fold_groups=None, n_jobs=-1, use_gpu=False, custom_pipeline=None, html=True, session_id=None, log_experiment=False, experiment_name=None, log_plots=False, log_profile=False, log_data=False, silent=False, verbose=True, profile=False, profile_kwargs=None, display=None)
2022-04-19 10:45:45,961:INFO:Checking environment
2022-04-19 10:45:45,961:INFO:python_version: 3.9.7
2022-04-19 10:45:45,961:INFO:python_build: ('default', 'Sep 16 2021 16:59:28')
2022-04-19 10:45:45,961:INFO:machine: AMD64
2022-04-19 10:45:45,961:INFO:platform: Windows-10-10.0.22000-SP0
2022-04-19 10:45:45,963:WARNING:cannot find psutil installation. memory not traceable. Install psutil using pip to enable memory logging.
2022-04-19 10:45:45,963:INFO:Checking libraries
2022-04-19 10:45:45,963:INFO:pd==1.3.5
2022-04-19 10:45:45,963:INFO:numpy==1.21.5
2022-04-19 10:45:45,963:INFO:sklearn==1.0.2
2022-04-19 10:45:46,072:INFO:xgboost==1.5.1
2022-04-19 10:45:46,072:INFO:lightgbm==3.2.1
2022-04-19 10:45:46,166:INFO:catboost==1.0.4
2022-04-19 10:45:46,651:INFO:mlflow==1.25.1
2022-04-19 10:45:46,651:INFO:Checking Exceptions
2022-04-19 10:45:46,651:INFO:Declaring global variables
2022-04-19 10:45:46,651:INFO:USI: 44f2
2022-04-19 10:45:46,651:INFO:pycaret_globals: {'_all_models_internal', 'prep_pipe', '_ml_usecase', 'USI', 'fold_groups_param', 'logging_param', 'seed', 'X_train', 'n_jobs_param', 'iterative_imputation_iters_param', 'create_model_container', 'display_container', '_gpu_n_jobs_param', 'pycaret_globals', 'html_param', 'fold_generator', 'gpu_param', 'master_model_container', '_all_metrics', 'target_param', 'X', 'y', 'fix_imbalance_param', 'fold_param', 'experiment__', 'y_train', '_internal_pipeline', 'X_test', 'transform_target_method_param', 'log_plots_param', 'imputation_regressor', 'fix_imbalance_method_param', 'imputation_classifier', 'fold_shuffle_param', 'data_before_preprocess', 'y_test', 'transform_target_param', '_all_models', 'stratify_param', 'exp_name_log', '_available_plots'}
2022-04-19 10:45:46,651:INFO:Preparing display monitor
2022-04-19 10:45:46,651:INFO:Preparing display monitor
2022-04-19 10:45:46,667:INFO:Importing libraries
2022-04-19 10:45:46,667:INFO:Copying data for preprocessing
2022-04-19 10:45:46,667:INFO:Declaring preprocessing parameters
2022-04-19 10:45:46,682:INFO:Creating preprocessing pipeline
2022-04-19 10:45:46,693:INFO:Preprocessing pipeline created successfully
2022-04-19 10:45:46,693:ERROR:(Process Exit): setup has been interupted with user command 'quit'. setup must rerun.
2022-04-19 10:45:46,694:INFO:Creating global containers
2022-04-19 10:47:50,174:INFO:PyCaret Supervised Module
2022-04-19 10:47:50,174:INFO:ML Usecase: regression
2022-04-19 10:47:50,174:INFO:version 2.2.3
2022-04-19 10:47:50,174:INFO:Initializing setup()
2022-04-19 10:47:50,175:INFO:setup(target=Price, ml_usecase=regression, available_plots={'parameter': 'Hyperparameters', 'residuals': 'Residuals', 'error': 'Prediction Error', 'cooks': 'Cooks Distance', 'rfe': 'Feature Selection', 'learning': 'Learning Curve', 'manifold': 'Manifold Learning', 'vc': 'Validation Curve', 'feature': 'Feature Importance', 'feature_all': 'Feature Importance (All)', 'tree': 'Decision Tree'}, train_size=0.7, test_data=None, preprocess=True, imputation_type=simple, iterative_imputation_iters=5, categorical_features=None, categorical_imputation=constant, categorical_iterative_imputer=lightgbm, ordinal_features=None, high_cardinality_features=None, high_cardinality_method=frequency, numeric_features=None, numeric_imputation=mean, numeric_iterative_imputer=lightgbm, date_features=None, ignore_features=None, normalize=False, normalize_method=zscore, transformation=False, transformation_method=yeo-johnson, handle_unknown_categorical=True, unknown_categorical_method=least_frequent, pca=False, pca_method=linear, pca_components=None, ignore_low_variance=False, combine_rare_levels=False, rare_level_threshold=0.1, bin_numeric_features=None, remove_outliers=False, outliers_threshold=0.05, remove_multicollinearity=False, multicollinearity_threshold=0.9, remove_perfect_collinearity=True, create_clusters=False, cluster_iter=20, polynomial_features=False, polynomial_degree=2, trigonometry_features=False, polynomial_threshold=0.1, group_features=None, group_names=None, feature_selection=False, feature_selection_threshold=0.8, feature_selection_method=classic, feature_interaction=False, feature_ratio=False, interaction_threshold=0.01, fix_imbalance=False, fix_imbalance_method=None, transform_target=False, transform_target_method=box-cox, data_split_shuffle=True, data_split_stratify=False, fold_strategy=kfold, fold=10, fold_shuffle=False, fold_groups=None, n_jobs=-1, use_gpu=False, custom_pipeline=None, html=True, session_id=None, log_experiment=False, experiment_name=None, log_plots=False, log_profile=False, log_data=False, silent=False, verbose=True, profile=False, profile_kwargs=None, display=None)
2022-04-19 10:47:50,175:INFO:Checking environment
2022-04-19 10:47:50,175:INFO:python_version: 3.9.7
2022-04-19 10:47:50,175:INFO:python_build: ('default', 'Sep 16 2021 16:59:28')
2022-04-19 10:47:50,175:INFO:machine: AMD64
2022-04-19 10:47:50,176:INFO:platform: Windows-10-10.0.22000-SP0
2022-04-19 10:47:50,176:WARNING:cannot find psutil installation. memory not traceable. Install psutil using pip to enable memory logging.
2022-04-19 10:47:50,176:INFO:Checking libraries
2022-04-19 10:47:50,176:INFO:pd==1.3.5
2022-04-19 10:47:50,176:INFO:numpy==1.21.5
2022-04-19 10:47:50,176:INFO:sklearn==1.0.2
2022-04-19 10:47:50,176:INFO:xgboost==1.5.1
2022-04-19 10:47:50,177:INFO:lightgbm==3.2.1
2022-04-19 10:47:50,177:INFO:catboost==1.0.4
2022-04-19 10:47:50,177:INFO:mlflow==1.25.1
2022-04-19 10:47:50,177:INFO:Checking Exceptions
2022-04-19 10:47:50,177:INFO:Declaring global variables
2022-04-19 10:47:50,177:INFO:USI: 1db8
2022-04-19 10:47:50,177:INFO:pycaret_globals: {'_all_models_internal', 'prep_pipe', '_ml_usecase', 'USI', 'fold_groups_param', 'logging_param', 'seed', 'X_train', 'n_jobs_param', 'iterative_imputation_iters_param', 'create_model_container', 'display_container', '_gpu_n_jobs_param', 'pycaret_globals', 'html_param', 'fold_generator', 'gpu_param', 'master_model_container', '_all_metrics', 'target_param', 'X', 'y', 'fix_imbalance_param', 'fold_param', 'experiment__', 'y_train', '_internal_pipeline', 'X_test', 'transform_target_method_param', 'log_plots_param', 'imputation_regressor', 'fix_imbalance_method_param', 'imputation_classifier', 'fold_shuffle_param', 'data_before_preprocess', 'y_test', 'transform_target_param', '_all_models', 'stratify_param', 'exp_name_log', '_available_plots'}
2022-04-19 10:47:50,177:INFO:Preparing display monitor
2022-04-19 10:47:50,177:INFO:Preparing display monitor
2022-04-19 10:47:50,186:INFO:Importing libraries
2022-04-19 10:47:50,187:INFO:Copying data for preprocessing
2022-04-19 10:47:50,190:INFO:Declaring preprocessing parameters
2022-04-19 10:47:50,198:INFO:Creating preprocessing pipeline
2022-04-19 10:47:50,198:INFO:Preprocessing pipeline created successfully
2022-04-19 10:47:50,198:ERROR:(Process Exit): setup has been interupted with user command 'quit'. setup must rerun.
2022-04-19 10:47:50,198:INFO:Creating global containers
2022-04-19 11:01:18,191:INFO:PyCaret Supervised Module
2022-04-19 11:01:18,191:INFO:ML Usecase: regression
2022-04-19 11:01:18,192:INFO:version 2.2.3
2022-04-19 11:01:18,192:INFO:Initializing setup()
2022-04-19 11:01:18,192:INFO:setup(target=Price, ml_usecase=regression, available_plots={'parameter': 'Hyperparameters', 'residuals': 'Residuals', 'error': 'Prediction Error', 'cooks': 'Cooks Distance', 'rfe': 'Feature Selection', 'learning': 'Learning Curve', 'manifold': 'Manifold Learning', 'vc': 'Validation Curve', 'feature': 'Feature Importance', 'feature_all': 'Feature Importance (All)', 'tree': 'Decision Tree'}, train_size=0.7, test_data=None, preprocess=True, imputation_type=simple, iterative_imputation_iters=5, categorical_features=None, categorical_imputation=constant, categorical_iterative_imputer=lightgbm, ordinal_features=None, high_cardinality_features=None, high_cardinality_method=frequency, numeric_features=None, numeric_imputation=mean, numeric_iterative_imputer=lightgbm, date_features=None, ignore_features=None, normalize=False, normalize_method=zscore, transformation=False, transformation_method=yeo-johnson, handle_unknown_categorical=True, unknown_categorical_method=least_frequent, pca=False, pca_method=linear, pca_components=None, ignore_low_variance=False, combine_rare_levels=False, rare_level_threshold=0.1, bin_numeric_features=None, remove_outliers=False, outliers_threshold=0.05, remove_multicollinearity=False, multicollinearity_threshold=0.9, remove_perfect_collinearity=True, create_clusters=False, cluster_iter=20, polynomial_features=False, polynomial_degree=2, trigonometry_features=False, polynomial_threshold=0.1, group_features=None, group_names=None, feature_selection=False, feature_selection_threshold=0.8, feature_selection_method=classic, feature_interaction=False, feature_ratio=False, interaction_threshold=0.01, fix_imbalance=False, fix_imbalance_method=None, transform_target=False, transform_target_method=box-cox, data_split_shuffle=True, data_split_stratify=False, fold_strategy=kfold, fold=10, fold_shuffle=False, fold_groups=None, n_jobs=-1, use_gpu=False, custom_pipeline=None, html=True, session_id=None, log_experiment=False, experiment_name=None, log_plots=False, log_profile=False, log_data=False, silent=False, verbose=True, profile=False, profile_kwargs=None, display=None)
2022-04-19 11:01:18,192:INFO:Checking environment
2022-04-19 11:01:18,192:INFO:python_version: 3.9.7
2022-04-19 11:01:18,192:INFO:python_build: ('default', 'Sep 16 2021 16:59:28')
2022-04-19 11:01:18,192:INFO:machine: AMD64
2022-04-19 11:01:18,192:INFO:platform: Windows-10-10.0.22000-SP0
2022-04-19 11:01:18,194:WARNING:cannot find psutil installation. memory not traceable. Install psutil using pip to enable memory logging.
2022-04-19 11:01:18,194:INFO:Checking libraries
2022-04-19 11:01:18,196:INFO:pd==1.3.5
2022-04-19 11:01:18,196:INFO:numpy==1.21.5
2022-04-19 11:01:18,196:INFO:sklearn==1.0.2
2022-04-19 11:01:18,196:INFO:xgboost==1.5.1
2022-04-19 11:01:18,196:INFO:lightgbm==3.2.1
2022-04-19 11:01:18,196:INFO:catboost==1.0.4
2022-04-19 11:01:18,196:INFO:mlflow==1.25.1
2022-04-19 11:01:18,196:INFO:Checking Exceptions
2022-04-19 11:01:18,196:INFO:Declaring global variables
2022-04-19 11:01:18,196:INFO:USI: ba02
2022-04-19 11:01:18,196:INFO:pycaret_globals: {'_all_models_internal', 'prep_pipe', '_ml_usecase', 'USI', 'fold_groups_param', 'logging_param', 'seed', 'X_train', 'n_jobs_param', 'iterative_imputation_iters_param', 'create_model_container', 'display_container', '_gpu_n_jobs_param', 'pycaret_globals', 'html_param', 'fold_generator', 'gpu_param', 'master_model_container', '_all_metrics', 'target_param', 'X', 'y', 'fix_imbalance_param', 'fold_param', 'experiment__', 'y_train', '_internal_pipeline', 'X_test', 'transform_target_method_param', 'log_plots_param', 'imputation_regressor', 'fix_imbalance_method_param', 'imputation_classifier', 'fold_shuffle_param', 'data_before_preprocess', 'y_test', 'transform_target_param', '_all_models', 'stratify_param', 'exp_name_log', '_available_plots'}
2022-04-19 11:01:18,196:INFO:Preparing display monitor
2022-04-19 11:01:18,196:INFO:Preparing display monitor
2022-04-19 11:01:18,206:INFO:Importing libraries
2022-04-19 11:01:18,206:INFO:Copying data for preprocessing
2022-04-19 11:01:18,217:INFO:Declaring preprocessing parameters
2022-04-19 11:01:18,218:INFO:Creating preprocessing pipeline
2022-04-19 11:01:18,221:INFO:Preprocessing pipeline created successfully
2022-04-19 11:01:18,221:ERROR:(Process Exit): setup has been interupted with user command 'quit'. setup must rerun.
2022-04-19 11:01:18,221:INFO:Creating global containers
